<?xml version="1.0" encoding="UTF-8"?>
<!-- Generated by org.testng.reporters.JUnitReportReporter -->
<testsuite hostname="DESKTOP-IQG9C02" failures="0" tests="1" name="com.spider.UIAutomation.AppTest" time="0.021" errors="0" timestamp="2022-03-31T09:21:04 IST" skipped="0">
  <testcase classname="com.spider.UIAutomation.AppTest" name="shouldAnswerWithTrue" time="0.021"/>
  <system-out/>
</testsuite> <!-- com.spider.UIAutomation.AppTest -->
